MIF/HEX Update report for NovaCORE
Thu May 12 23:13:18 2016
Quartus II 64-Bit Version 14.1.0 Build 186 12/03/2014 SJ Full Version


---------------------
; Table of Contents ;
---------------------
  1. Legal Notice
  2. MIF/HEX Update Summary
  3. MIF/HEX Update Processed Files
  4. MIF/HEX Update Messages



----------------
; Legal Notice ;
----------------
Copyright (C) 1991-2014 Altera Corporation. All rights reserved.
Your use of Altera Corporation's design tools, logic functions 
and other software and tools, and its AMPP partner logic 
functions, and any output files from any of the foregoing 
(including device programming or simulation files), and any 
associated documentation or information are expressly subject 
to the terms and conditions of the Altera Program License 
Subscription Agreement, the Altera Quartus II License Agreement,
the Altera MegaCore Function License Agreement, or other 
applicable license agreement, including, without limitation, 
that your use is for the sole purpose of programming logic 
devices manufactured by Altera and sold by Altera or its 
authorized distributors.  Please refer to the applicable 
agreement for further details.



+---------------------------------------------------------------+
; MIF/HEX Update Summary                                        ;
+-----------------------+---------------------------------------+
; MIF/HEX Update Status ; Successful - Thu May 12 23:13:18 2016 ;
; Revision Name         ; NovaCORE                              ;
; Top-level Entity Name ; TOP                                   ;
; Family                ; Stratix V                             ;
; Device                ; 5SGXEA7K2F40C2                        ;
+-----------------------+---------------------------------------+


+---------------------------------------------------------------------+
; MIF/HEX Update Processed Files                                      ;
+---------------------------------------------------------------------+
; File Name                                                           ;
+---------------------------------------------------------------------+
; /home/perina/Projetos/SSC5883/T1/NovaCORE/Quartus/2x2/bitstream.hex ;
+---------------------------------------------------------------------+


+-------------------------+
; MIF/HEX Update Messages ;
+-------------------------+
Info: *******************************************************************
Info: Running Quartus II 64-Bit MIF/HEX Update
    Info: Version 14.1.0 Build 186 12/03/2014 SJ Full Version
    Info: Processing started: Thu May 12 23:13:12 2016
Info: Command: quartus_cdb NovaCORE -c NovaCORE --update_mif
Warning (39023): Can't find Memory Initialization File NovaCOREBlaster_onchip_memory2.hex -- skipped updates for this file
Info (39024): Processed the following Memory Initialization File(s)
    Info (39025): Processed Memory Initialization File /home/perina/Projetos/SSC5883/T1/NovaCORE/Quartus/2x2/bitstream.hex
Info: Quartus II 64-Bit MIF/HEX Update was successful. 0 errors, 1 warning
    Info: Peak virtual memory: 1611 megabytes
    Info: Processing ended: Thu May 12 23:13:18 2016
    Info: Elapsed time: 00:00:06
    Info: Total CPU time (on all processors): 00:00:06


